<?xml version="1.0" encoding="utf-8"?><testsuites><testsuite name="pytest" errors="0" failures="1" skipped="0" tests="1" time="0.066" timestamp="2022-11-17T16:26:44.417585" hostname="DESKTOP-QGLJE2U"><testcase classname="tests.test_1.Test_test_1" name="test_A" file="tests\test_1.py" line="3" time="0.001"><failure message="ModuleNotFoundError: No module named 'break'">self = &lt;test_1.Test_test_1 testMethod=test_A&gt;

    def test_A(self):
        #runpy.run_path(path_name="PdfREparser.py form-example.pdf")
&gt;       target = __import__('break.py')
E       ModuleNotFoundError: No module named 'break'

tests\test_1.py:6: ModuleNotFoundError</failure><system-out>--------------------------------- Captured Log ---------------------------------

--------------------------------- Captured Out ---------------------------------

</system-out><system-err>--------------------------------- Captured Err ---------------------------------

</system-err></testcase></testsuite></testsuites>